
Getting suggestion for y_at_least_x, y_at_most_10, branin...


Suggestion:     
                NAME          TYPE       VALUE
                ----          ----       -----
                X             float      -5.000000   
                Y             float      0.000000    
Current time: 2018-11-02 22:37:17
Status: 1 pending, 0 complete.
ID(s) of pending job(s) for y_at_least_x, y_at_most_10, branin: 1


Fitting GP to 1 data for y_at_least_x task...
Fitting GP to 1 data for y_at_most_10 task...
Fitting GP to 1 data for branin task...
Computing current best...
Feasible solution found.

Optimizing current best with scipy SLSQP

Minimum expected objective value satisfying constraints w/ high prob (y_at_least_x:0.99871,y_at_most_10:0.99829): 308.129096

At location:    
                NAME          TYPE       VALUE
                ----          ----       -----
                X             float      -4.844360   
                Y             float      0.155640    

Best observed values satisfying constraints is 308.129096, at location:
                NAME          TYPE       VALUE
                ----          ----       -----
                X             float      -5.000000   
                Y             float      0.000000    

Getting suggestion for y_at_least_x, y_at_most_10, branin...

Initializing PES
Computing PES on grid for y_at_least_x, y_at_most_10, branin.
Optimizing PES with L-BFGS (numerically estimating gradients)

Suggestion: task(s) y_at_least_x,y_at_most_10,branin at location
                NAME          TYPE       VALUE
                ----          ----       -----
                X             float      -4.972653   
                Y             float      14.717751   
Current time: 2018-11-02 22:37:23
Status: 1 pending, 1 complete.
ID(s) of pending job(s) for y_at_least_x, y_at_most_10, branin: 2


Fitting GP to 2 data for y_at_least_x task...
Fitting GP to 2 data for y_at_most_10 task...
Fitting GP to 2 data for branin task...
Computing current best...
Feasible solution found.

Optimizing current best with scipy SLSQP

Minimum expected objective value satisfying constraints w/ high prob (y_at_least_x:0.99283,y_at_most_10:0.99997): 305.320462

At location:    
                NAME          TYPE       VALUE
                ----          ----       -----
                X             float      -4.953308   
                Y             float      0.235291    

Best observed values satisfying constraints is 308.129096, at location:
                NAME          TYPE       VALUE
                ----          ----       -----
                X             float      -5.000000   
                Y             float      0.000000    

Getting suggestion for y_at_least_x, y_at_most_10, branin...

Initializing PES
Computing PES on grid for y_at_least_x, y_at_most_10, branin.
Optimizing PES with L-BFGS (numerically estimating gradients)

Suggestion: task(s) y_at_least_x,y_at_most_10,branin at location
                NAME          TYPE       VALUE
                ----          ----       -----
                X             float      8.596839    
                Y             float      11.041112   
Current time: 2018-11-02 22:37:30
Status: 1 pending, 2 complete.
ID(s) of pending job(s) for y_at_least_x, y_at_most_10, branin: 3


Fitting GP to 3 data for y_at_least_x task...
Fitting GP to 3 data for y_at_most_10 task...
Fitting GP to 3 data for branin task...
Computing current best...
Feasible solution found.

Optimizing current best with scipy SLSQP

Minimum expected objective value satisfying constraints w/ high prob (y_at_least_x:0.99348,y_at_most_10:1.00000): 305.056265

At location:    
                NAME          TYPE       VALUE
                ----          ----       -----
                X             float      -4.533081   
                Y             float      0.093384    

Best observed values satisfying constraints is 308.129096, at location:
                NAME          TYPE       VALUE
                ----          ----       -----
                X             float      -5.000000   
                Y             float      0.000000    

Getting suggestion for y_at_least_x, y_at_most_10, branin...

Initializing PES
Computing PES on grid for y_at_least_x, y_at_most_10, branin.
Optimizing PES with L-BFGS (numerically estimating gradients)

Suggestion: task(s) y_at_least_x,y_at_most_10,branin at location
                NAME          TYPE       VALUE
                ----          ----       -----
                X             float      -4.848513   
                Y             float      6.912813    
Current time: 2018-11-02 22:37:36
Status: 1 pending, 3 complete.
ID(s) of pending job(s) for y_at_least_x, y_at_most_10, branin: 4


Fitting GP to 4 data for y_at_least_x task...
Fitting GP to 4 data for y_at_most_10 task...
Fitting GP to 4 data for branin task...
Computing current best...
Feasible solution found.

Optimizing current best with scipy SLSQP

Minimum expected objective value satisfying constraints w/ high prob (y_at_least_x:1.00000,y_at_most_10:0.99000): 103.550180

At location:    
                NAME          TYPE       VALUE
                ----          ----       -----
                X             float      -4.573800   
                Y             float      7.045297    

Best observed values satisfying constraints is 108.142707, at location:
                NAME          TYPE       VALUE
                ----          ----       -----
                X             float      -4.848513   
                Y             float      6.912813    

Getting suggestion for y_at_least_x, y_at_most_10, branin...

Initializing PES
Computing PES on grid for y_at_least_x, y_at_most_10, branin.
Optimizing PES with L-BFGS (numerically estimating gradients)

Suggestion: task(s) y_at_least_x,y_at_most_10,branin at location
                NAME          TYPE       VALUE
                ----          ----       -----
                X             float      -0.357714   
                Y             float      12.710911   
Current time: 2018-11-02 22:37:44
Status: 1 pending, 4 complete.
ID(s) of pending job(s) for y_at_least_x, y_at_most_10, branin: 5


Fitting GP to 5 data for y_at_least_x task...
Fitting GP to 5 data for y_at_most_10 task...
Fitting GP to 5 data for branin task...
Computing current best...
Feasible solution found.

Optimizing current best with scipy SLSQP

Minimum expected objective value satisfying constraints w/ high prob (y_at_least_x:0.99998,y_at_most_10:0.99157): 100.516161

At location:    
                NAME          TYPE       VALUE
                ----          ----       -----
                X             float      -4.815063   
                Y             float      7.333374    

Best observed values satisfying constraints is 108.142707, at location:
                NAME          TYPE       VALUE
                ----          ----       -----
                X             float      -4.848513   
                Y             float      6.912813    

Getting suggestion for y_at_least_x, y_at_most_10, branin...

Initializing PES
Computing PES on grid for y_at_least_x, y_at_most_10, branin.
Optimizing PES with L-BFGS (numerically estimating gradients)

Suggestion: task(s) y_at_least_x,y_at_most_10,branin at location
                NAME          TYPE       VALUE
                ----          ----       -----
                X             float      -4.684294   
                Y             float      10.071836   
Current time: 2018-11-02 22:37:52
Status: 1 pending, 5 complete.
ID(s) of pending job(s) for y_at_least_x, y_at_most_10, branin: 6


Fitting GP to 6 data for y_at_least_x task...
Fitting GP to 6 data for y_at_most_10 task...
Fitting GP to 6 data for branin task...
Computing current best...
Feasible solution found.

Optimizing current best with scipy SLSQP

Minimum expected objective value satisfying constraints w/ high prob (y_at_least_x:1.00000,y_at_most_10:1.00000): 50.915583

At location:    
                NAME          TYPE       VALUE
                ----          ----       -----
                X             float      -4.726257   
                Y             float      9.866638    

Best observed values satisfying constraints is 108.142707, at location:
                NAME          TYPE       VALUE
                ----          ----       -----
                X             float      -4.848513   
                Y             float      6.912813    

Getting suggestion for y_at_least_x, y_at_most_10, branin...

Initializing PES
Computing PES on grid for y_at_least_x, y_at_most_10, branin.
Optimizing PES with L-BFGS (numerically estimating gradients)

Suggestion: task(s) y_at_least_x,y_at_most_10,branin at location
                NAME          TYPE       VALUE
                ----          ----       -----
                X             float      -5.000000   
                Y             float      9.795572    
Current time: 2018-11-02 22:38:01
Status: 1 pending, 6 complete.
ID(s) of pending job(s) for y_at_least_x, y_at_most_10, branin: 7


Fitting GP to 7 data for y_at_least_x task...
Fitting GP to 7 data for y_at_most_10 task...
Fitting GP to 7 data for branin task...
Computing current best...
Feasible solution found.

Optimizing current best with scipy SLSQP

Minimum expected objective value satisfying constraints w/ high prob (y_at_least_x:1.00000,y_at_most_10:0.99654): 27.102962

At location:    
                NAME          TYPE       VALUE
                ----          ----       -----
                X             float      -3.443604   
                Y             float      9.517822    

Best observed values satisfying constraints is 67.362280, at location:
                NAME          TYPE       VALUE
                ----          ----       -----
                X             float      -5.000000   
                Y             float      9.795572    

Getting suggestion for y_at_least_x, y_at_most_10, branin...

Initializing PES
Computing PES on grid for y_at_least_x, y_at_most_10, branin.
Optimizing PES with L-BFGS (numerically estimating gradients)

Suggestion: task(s) y_at_least_x,y_at_most_10,branin at location
                NAME          TYPE       VALUE
                ----          ----       -----
                X             float      2.102896    
                Y             float      7.276412    
Current time: 2018-11-02 22:38:09
Status: 1 pending, 7 complete.
ID(s) of pending job(s) for y_at_least_x, y_at_most_10, branin: 8


Fitting GP to 8 data for y_at_least_x task...
Fitting GP to 8 data for y_at_most_10 task...
Fitting GP to 8 data for branin task...
Computing current best...
Feasible solution found.

Optimizing current best with scipy SLSQP

Minimum expected objective value satisfying constraints w/ high prob (y_at_least_x:1.00000,y_at_most_10:1.00000): 12.311681

At location:    
                NAME          TYPE       VALUE
                ----          ----       -----
                X             float      4.630143    
                Y             float      7.492875    

Best observed values satisfying constraints is 21.547126, at location:
                NAME          TYPE       VALUE
                ----          ----       -----
                X             float      2.102896    
                Y             float      7.276412    

Getting suggestion for y_at_least_x, y_at_most_10, branin...

Initializing PES
Computing PES on grid for y_at_least_x, y_at_most_10, branin.
Optimizing PES with L-BFGS (numerically estimating gradients)

Suggestion: task(s) y_at_least_x,y_at_most_10,branin at location
                NAME          TYPE       VALUE
                ----          ----       -----
                X             float      4.278112    
                Y             float      5.649571    
Current time: 2018-11-02 22:38:18
Status: 1 pending, 8 complete.
ID(s) of pending job(s) for y_at_least_x, y_at_most_10, branin: 9


Fitting GP to 9 data for y_at_least_x task...
Fitting GP to 9 data for y_at_most_10 task...
Fitting GP to 9 data for branin task...
Computing current best...
Feasible solution found.

Optimizing current best with scipy SLSQP

Minimum expected objective value satisfying constraints w/ high prob (y_at_least_x:1.00000,y_at_most_10:1.00000): 18.117616

At location:    
                NAME          TYPE       VALUE
                ----          ----       -----
                X             float      3.040483    
                Y             float      6.287281    

Best observed values satisfying constraints is 21.547126, at location:
                NAME          TYPE       VALUE
                ----          ----       -----
                X             float      2.102896    
                Y             float      7.276412    

Getting suggestion for y_at_least_x, y_at_most_10, branin...

Initializing PES
Computing PES on grid for y_at_least_x, y_at_most_10, branin.
Optimizing PES with L-BFGS (numerically estimating gradients)

Suggestion: task(s) y_at_least_x,y_at_most_10,branin at location
                NAME          TYPE       VALUE
                ----          ----       -----
                X             float      3.059282    
                Y             float      9.574991    
Current time: 2018-11-02 22:38:28
Status: 1 pending, 9 complete.
ID(s) of pending job(s) for y_at_least_x, y_at_most_10, branin: 10


Fitting GP to 10 data for y_at_least_x task...
Fitting GP to 10 data for y_at_most_10 task...
Fitting GP to 10 data for branin task...
Computing current best...
Feasible solution found.

Optimizing current best with scipy SLSQP

Minimum expected objective value satisfying constraints w/ high prob (y_at_least_x:1.00000,y_at_most_10:1.00000): 19.046468

At location:    
                NAME          TYPE       VALUE
                ----          ----       -----
                X             float      2.067385    
                Y             float      6.550494    

Best observed values satisfying constraints is 21.547126, at location:
                NAME          TYPE       VALUE
                ----          ----       -----
                X             float      2.102896    
                Y             float      7.276412    

Getting suggestion for y_at_least_x, y_at_most_10, branin...

Initializing PES
Computing PES on grid for y_at_least_x, y_at_most_10, branin.
Optimizing PES with L-BFGS (numerically estimating gradients)

Suggestion: task(s) y_at_least_x,y_at_most_10,branin at location
                NAME          TYPE       VALUE
                ----          ----       -----
                X             float      2.599578    
                Y             float      3.364548    
Current time: 2018-11-02 22:38:39
Status: 1 pending, 10 complete.
ID(s) of pending job(s) for y_at_least_x, y_at_most_10, branin: 11


Fitting GP to 11 data for y_at_least_x task...
Fitting GP to 11 data for y_at_most_10 task...
Fitting GP to 11 data for branin task...
Computing current best...
Feasible solution found.

Optimizing current best with scipy SLSQP

Minimum expected objective value satisfying constraints w/ high prob (y_at_least_x:1.00000,y_at_most_10:1.00000): 1.551620

At location:    
                NAME          TYPE       VALUE
                ----          ----       -----
                X             float      2.778720    
                Y             float      3.622237    

Best observed values satisfying constraints is 2.169664, at location:
                NAME          TYPE       VALUE
                ----          ----       -----
                X             float      2.599578    
                Y             float      3.364548    

Getting suggestion for y_at_least_x, y_at_most_10, branin...

Initializing PES
Computing PES on grid for y_at_least_x, y_at_most_10, branin.
Optimizing PES with L-BFGS (numerically estimating gradients)

Suggestion: task(s) y_at_least_x,y_at_most_10,branin at location
                NAME          TYPE       VALUE
                ----          ----       -----
                X             float      -0.434454   
                Y             float      4.098367    
Current time: 2018-11-02 22:38:50
Status: 1 pending, 11 complete.
ID(s) of pending job(s) for y_at_least_x, y_at_most_10, branin: 12


Fitting GP to 12 data for y_at_least_x task...
Fitting GP to 12 data for y_at_most_10 task...
Fitting GP to 12 data for branin task...
Computing current best...
Feasible solution found.

Optimizing current best with scipy SLSQP

Minimum expected objective value satisfying constraints w/ high prob (y_at_least_x:1.00000,y_at_most_10:1.00000): 1.947556

At location:    
                NAME          TYPE       VALUE
                ----          ----       -----
                X             float      2.380367    
                Y             float      3.622349    

Best observed values satisfying constraints is 2.169664, at location:
                NAME          TYPE       VALUE
                ----          ----       -----
                X             float      2.599578    
                Y             float      3.364548    

Getting suggestion for y_at_least_x, y_at_most_10, branin...

Initializing PES
Computing PES on grid for y_at_least_x, y_at_most_10, branin.
Optimizing PES with L-BFGS (numerically estimating gradients)

Suggestion: task(s) y_at_least_x,y_at_most_10,branin at location
                NAME          TYPE       VALUE
                ----          ----       -----
                X             float      1.187115    
                Y             float      1.564916    
Current time: 2018-11-02 22:39:00
Status: 1 pending, 12 complete.
ID(s) of pending job(s) for y_at_least_x, y_at_most_10, branin: 13


Fitting GP to 13 data for y_at_least_x task...
Fitting GP to 13 data for y_at_most_10 task...
Fitting GP to 13 data for branin task...
Computing current best...
Feasible solution found.

Optimizing current best with scipy SLSQP

Minimum expected objective value satisfying constraints w/ high prob (y_at_least_x:1.00000,y_at_most_10:0.99224): 0.802549

At location:    
                NAME          TYPE       VALUE
                ----          ----       -----
                X             float      -2.391663   
                Y             float      9.861145    

Best observed values satisfying constraints is 2.169664, at location:
                NAME          TYPE       VALUE
                ----          ----       -----
                X             float      2.599578    
                Y             float      3.364548    

Getting suggestion for y_at_least_x, y_at_most_10, branin...

Initializing PES
Computing PES on grid for y_at_least_x, y_at_most_10, branin.
Optimizing PES with L-BFGS (numerically estimating gradients)

Suggestion: task(s) y_at_least_x,y_at_most_10,branin at location
                NAME          TYPE       VALUE
                ----          ----       -----
                X             float      -1.677571   
                Y             float      8.440160    
Current time: 2018-11-02 22:39:09
Status: 1 pending, 13 complete.
ID(s) of pending job(s) for y_at_least_x, y_at_most_10, branin: 14


Fitting GP to 14 data for y_at_least_x task...
Fitting GP to 14 data for y_at_most_10 task...
Fitting GP to 14 data for branin task...
Computing current best...
Feasible solution found.

Optimizing current best with scipy SLSQP

Minimum expected objective value satisfying constraints w/ high prob (y_at_least_x:1.00000,y_at_most_10:1.00000): 2.122440

At location:    
                NAME          TYPE       VALUE
                ----          ----       -----
                X             float      2.685523    
                Y             float      3.169210    

Best observed values satisfying constraints is 2.169664, at location:
                NAME          TYPE       VALUE
                ----          ----       -----
                X             float      2.599578    
                Y             float      3.364548    

Getting suggestion for y_at_least_x, y_at_most_10, branin...

Initializing PES
Computing PES on grid for y_at_least_x, y_at_most_10, branin.
Optimizing PES with L-BFGS (numerically estimating gradients)

Suggestion: task(s) y_at_least_x,y_at_most_10,branin at location
                NAME          TYPE       VALUE
                ----          ----       -----
                X             float      -2.720245   
                Y             float      9.916391    
Current time: 2018-11-02 22:39:19
Status: 1 pending, 14 complete.
ID(s) of pending job(s) for y_at_least_x, y_at_most_10, branin: 15


Fitting GP to 15 data for y_at_least_x task...
Fitting GP to 15 data for y_at_most_10 task...
Fitting GP to 15 data for branin task...
Computing current best...
Feasible solution found.

Optimizing current best with scipy SLSQP

Minimum expected objective value satisfying constraints w/ high prob (y_at_least_x:1.00000,y_at_most_10:1.00000): 2.106734

At location:    
                NAME          TYPE       VALUE
                ----          ----       -----
                X             float      2.689786    
                Y             float      3.113002    

Best observed values satisfying constraints is 2.169664, at location:
                NAME          TYPE       VALUE
                ----          ----       -----
                X             float      2.599578    
                Y             float      3.364548    

Getting suggestion for y_at_least_x, y_at_most_10, branin...

Initializing PES
Computing PES on grid for y_at_least_x, y_at_most_10, branin.
Optimizing PES with L-BFGS (numerically estimating gradients)

Suggestion: task(s) y_at_least_x,y_at_most_10,branin at location
                NAME          TYPE       VALUE
                ----          ----       -----
                X             float      1.545241    
                Y             float      4.538610    
Current time: 2018-11-02 22:39:32
Status: 1 pending, 15 complete.
ID(s) of pending job(s) for y_at_least_x, y_at_most_10, branin: 16


Fitting GP to 16 data for y_at_least_x task...
Fitting GP to 16 data for y_at_most_10 task...
Fitting GP to 16 data for branin task...
Computing current best...
Feasible solution found.

Optimizing current best with scipy SLSQP

Minimum expected objective value satisfying constraints w/ high prob (y_at_least_x:0.99735,y_at_most_10:1.00000): 0.191394

At location:    
                NAME          TYPE       VALUE
                ----          ----       -----
                X             float      2.973328    
                Y             float      3.060608    

Best observed values satisfying constraints is 2.169664, at location:
                NAME          TYPE       VALUE
                ----          ----       -----
                X             float      2.599578    
                Y             float      3.364548    

Getting suggestion for y_at_least_x, y_at_most_10, branin...

Initializing PES
Computing PES on grid for y_at_least_x, y_at_most_10, branin.
Optimizing PES with L-BFGS (numerically estimating gradients)

Suggestion: task(s) y_at_least_x,y_at_most_10,branin at location
                NAME          TYPE       VALUE
                ----          ----       -----
                X             float      3.230849    
                Y             float      3.347748    
Current time: 2018-11-02 22:39:43
Status: 1 pending, 16 complete.
ID(s) of pending job(s) for y_at_least_x, y_at_most_10, branin: 17


Fitting GP to 17 data for y_at_least_x task...
Fitting GP to 17 data for y_at_most_10 task...
Fitting GP to 17 data for branin task...
Computing current best...
Feasible solution found.

Optimizing current best with scipy SLSQP

Minimum expected objective value satisfying constraints w/ high prob (y_at_least_x:0.99996,y_at_most_10:1.00000): 0.820009

At location:    
                NAME          TYPE       VALUE
                ----          ----       -----
                X             float      2.879944    
                Y             float      2.978210    

Best observed values satisfying constraints is 1.738737, at location:
                NAME          TYPE       VALUE
                ----          ----       -----
                X             float      3.230849    
                Y             float      3.347748    

Getting suggestion for y_at_least_x, y_at_most_10, branin...

Initializing PES
Computing PES on grid for y_at_least_x, y_at_most_10, branin.
Optimizing PES with L-BFGS (numerically estimating gradients)

Suggestion: task(s) y_at_least_x,y_at_most_10,branin at location
                NAME          TYPE       VALUE
                ----          ----       -----
                X             float      2.760380    
                Y             float      2.839523    
Current time: 2018-11-02 22:39:56
Status: 1 pending, 17 complete.
ID(s) of pending job(s) for y_at_least_x, y_at_most_10, branin: 18


Fitting GP to 18 data for y_at_least_x task...
Fitting GP to 18 data for y_at_most_10 task...
Fitting GP to 18 data for branin task...
Computing current best...
Feasible solution found.

Optimizing current best with scipy SLSQP

Minimum expected objective value satisfying constraints w/ high prob (y_at_least_x:0.99993,y_at_most_10:1.00000): 0.944603

At location:    
                NAME          TYPE       VALUE
                ----          ----       -----
                X             float      2.973328    
                Y             float      3.060608    

Best observed values satisfying constraints is 1.148915, at location:
                NAME          TYPE       VALUE
                ----          ----       -----
                X             float      2.760380    
                Y             float      2.839523    

Getting suggestion for y_at_least_x, y_at_most_10, branin...

Initializing PES
Computing PES on grid for y_at_least_x, y_at_most_10, branin.
Optimizing PES with L-BFGS (numerically estimating gradients)

Suggestion: task(s) y_at_least_x,y_at_most_10,branin at location
                NAME          TYPE       VALUE
                ----          ----       -----
                X             float      2.979081    
                Y             float      3.076961    
Current time: 2018-11-02 22:40:06
Status: 1 pending, 18 complete.
ID(s) of pending job(s) for y_at_least_x, y_at_most_10, branin: 19


Fitting GP to 19 data for y_at_least_x task...
Fitting GP to 19 data for y_at_most_10 task...
Fitting GP to 19 data for branin task...
Computing current best...
Feasible solution found.

Optimizing current best with scipy SLSQP

Minimum expected objective value satisfying constraints w/ high prob (y_at_least_x:0.99994,y_at_most_10:1.00000): 0.954480

At location:    
                NAME          TYPE       VALUE
                ----          ----       -----
                X             float      2.975327    
                Y             float      3.060368    

Best observed values satisfying constraints is 0.975737, at location:
                NAME          TYPE       VALUE
                ----          ----       -----
                X             float      2.979081    
                Y             float      3.076961    

Getting suggestion for y_at_least_x, y_at_most_10, branin...

Initializing PES
Computing PES on grid for y_at_least_x, y_at_most_10, branin.
Optimizing PES with L-BFGS (numerically estimating gradients)

Suggestion: task(s) y_at_least_x,y_at_most_10,branin at location
                NAME          TYPE       VALUE
                ----          ----       -----
                X             float      8.903035    
                Y             float      15.000000   
Current time: 2018-11-02 22:40:15
Status: 1 pending, 19 complete.
ID(s) of pending job(s) for y_at_least_x, y_at_most_10, branin: 20


Fitting GP to 20 data for y_at_least_x task...
Fitting GP to 20 data for y_at_most_10 task...
Fitting GP to 20 data for branin task...
Computing current best...
Feasible solution found.

Optimizing current best with scipy SLSQP

Minimum expected objective value satisfying constraints w/ high prob (y_at_least_x:0.99983,y_at_most_10:1.00000): 0.945793

At location:    
                NAME          TYPE       VALUE
                ----          ----       -----
                X             float      2.978362    
                Y             float      3.057359    

Best observed values satisfying constraints is 0.975737, at location:
                NAME          TYPE       VALUE
                ----          ----       -----
                X             float      2.979081    
                Y             float      3.076961    

Getting suggestion for y_at_least_x, y_at_most_10, branin...

Initializing PES
Computing PES on grid for y_at_least_x, y_at_most_10, branin.
Optimizing PES with L-BFGS (numerically estimating gradients)

Suggestion: task(s) y_at_least_x,y_at_most_10,branin at location
                NAME          TYPE       VALUE
                ----          ----       -----
                X             float      7.276305    
                Y             float      7.427601    
Current time: 2018-11-02 22:40:29
Status: 1 pending, 20 complete.
ID(s) of pending job(s) for y_at_least_x, y_at_most_10, branin: 21


Fitting GP to 21 data for y_at_least_x task...
Fitting GP to 21 data for y_at_most_10 task...
Fitting GP to 21 data for branin task...
Computing current best...
Feasible solution found.

Optimizing current best with scipy SLSQP

Minimum expected objective value satisfying constraints w/ high prob (y_at_least_x:0.99964,y_at_most_10:1.00000): 0.946382

At location:    
                NAME          TYPE       VALUE
                ----          ----       -----
                X             float      2.981298    
                Y             float      3.055733    

Best observed values satisfying constraints is 0.975737, at location:
                NAME          TYPE       VALUE
                ----          ----       -----
                X             float      2.979081    
                Y             float      3.076961    

Getting suggestion for y_at_least_x, y_at_most_10, branin...

Initializing PES
Computing PES on grid for y_at_least_x, y_at_most_10, branin.
Optimizing PES with L-BFGS (numerically estimating gradients)

Suggestion: task(s) y_at_least_x,y_at_most_10,branin at location
                NAME          TYPE       VALUE
                ----          ----       -----
                X             float      -2.059652   
                Y             float      6.320102    
Current time: 2018-11-02 22:40:41
Status: 1 pending, 21 complete.
ID(s) of pending job(s) for y_at_least_x, y_at_most_10, branin: 22


Fitting GP to 22 data for y_at_least_x task...
Fitting GP to 22 data for y_at_most_10 task...
Fitting GP to 22 data for branin task...
Computing current best...
Feasible solution found.

Optimizing current best with scipy SLSQP

Minimum expected objective value satisfying constraints w/ high prob (y_at_least_x:0.99942,y_at_most_10:1.00000): 0.939334

At location:    
                NAME          TYPE       VALUE
                ----          ----       -----
                X             float      2.980388    
                Y             float      3.051818    

Best observed values satisfying constraints is 0.975737, at location:
                NAME          TYPE       VALUE
                ----          ----       -----
                X             float      2.979081    
                Y             float      3.076961    

Getting suggestion for y_at_least_x, y_at_most_10, branin...

Initializing PES
Computing PES on grid for y_at_least_x, y_at_most_10, branin.
Optimizing PES with L-BFGS (numerically estimating gradients)

Suggestion: task(s) y_at_least_x,y_at_most_10,branin at location
                NAME          TYPE       VALUE
                ----          ----       -----
                X             float      9.373599    
                Y             float      9.941187    
Current time: 2018-11-02 22:40:56
Status: 1 pending, 22 complete.
ID(s) of pending job(s) for y_at_least_x, y_at_most_10, branin: 23


Fitting GP to 23 data for y_at_least_x task...
Fitting GP to 23 data for y_at_most_10 task...
Fitting GP to 23 data for branin task...
Computing current best...
Feasible solution found.

Optimizing current best with scipy SLSQP

Minimum expected objective value satisfying constraints w/ high prob (y_at_least_x:0.99933,y_at_most_10:1.00000): 0.939735

At location:    
                NAME          TYPE       VALUE
                ----          ----       -----
                X             float      2.980405    
                Y             float      3.050971    

Best observed values satisfying constraints is 0.975737, at location:
                NAME          TYPE       VALUE
                ----          ----       -----
                X             float      2.979081    
                Y             float      3.076961    

Getting suggestion for y_at_least_x, y_at_most_10, branin...

Initializing PES
Computing PES on grid for y_at_least_x, y_at_most_10, branin.
Optimizing PES with L-BFGS (numerically estimating gradients)

Suggestion: task(s) y_at_least_x,y_at_most_10,branin at location
                NAME          TYPE       VALUE
                ----          ----       -----
                X             float      4.542950    
                Y             float      15.000000   
Current time: 2018-11-02 22:41:06
Status: 1 pending, 23 complete.
ID(s) of pending job(s) for y_at_least_x, y_at_most_10, branin: 24


Fitting GP to 24 data for y_at_least_x task...
Fitting GP to 24 data for y_at_most_10 task...
Fitting GP to 24 data for branin task...
Computing current best...
Feasible solution found.

Optimizing current best with scipy SLSQP

Minimum expected objective value satisfying constraints w/ high prob (y_at_least_x:0.99876,y_at_most_10:1.00000): 0.937217

At location:    
                NAME          TYPE       VALUE
                ----          ----       -----
                X             float      2.983653    
                Y             float      3.050217    

Best observed values satisfying constraints is 0.975737, at location:
                NAME          TYPE       VALUE
                ----          ----       -----
                X             float      2.979081    
                Y             float      3.076961    

Getting suggestion for y_at_least_x, y_at_most_10, branin...

Initializing PES
Computing PES on grid for y_at_least_x, y_at_most_10, branin.
Optimizing PES with L-BFGS (numerically estimating gradients)

Suggestion: task(s) y_at_least_x,y_at_most_10,branin at location
                NAME          TYPE       VALUE
                ----          ----       -----
                X             float      3.071192    
                Y             float      2.862934    
Current time: 2018-11-02 22:41:17
Status: 1 pending, 24 complete.
ID(s) of pending job(s) for y_at_least_x, y_at_most_10, branin: 25


Fitting GP to 25 data for y_at_least_x task...
Fitting GP to 25 data for y_at_most_10 task...
Fitting GP to 25 data for branin task...
Computing current best...
Feasible solution found.

Optimizing current best with scipy SLSQP

Minimum expected objective value satisfying constraints w/ high prob (y_at_least_x:0.99845,y_at_most_10:1.00000): 0.937012

At location:    
                NAME          TYPE       VALUE
                ----          ----       -----
                X             float      2.985579    
                Y             float      3.049295    

Best observed values satisfying constraints is 0.975737, at location:
                NAME          TYPE       VALUE
                ----          ----       -----
                X             float      2.979081    
                Y             float      3.076961    

Getting suggestion for y_at_least_x, y_at_most_10, branin...

Initializing PES
Computing PES on grid for y_at_least_x, y_at_most_10, branin.
Optimizing PES with L-BFGS (numerically estimating gradients)

Suggestion: task(s) y_at_least_x,y_at_most_10,branin at location
                NAME          TYPE       VALUE
                ----          ----       -----
                X             float      10.000000   
                Y             float      0.000000    
Current time: 2018-11-02 22:41:28
Status: 1 pending, 25 complete.
ID(s) of pending job(s) for y_at_least_x, y_at_most_10, branin: 26


Fitting GP to 26 data for y_at_least_x task...
Fitting GP to 26 data for y_at_most_10 task...
Fitting GP to 26 data for branin task...
Computing current best...
Feasible solution found.

Optimizing current best with scipy SLSQP

Minimum expected objective value satisfying constraints w/ high prob (y_at_least_x:0.99878,y_at_most_10:1.00000): 0.936089

At location:    
                NAME          TYPE       VALUE
                ----          ----       -----
                X             float      2.981262    
                Y             float      3.047492    

Best observed values satisfying constraints is 0.975737, at location:
                NAME          TYPE       VALUE
                ----          ----       -----
                X             float      2.979081    
                Y             float      3.076961    

Getting suggestion for y_at_least_x, y_at_most_10, branin...

Initializing PES
Computing PES on grid for y_at_least_x, y_at_most_10, branin.
Optimizing PES with L-BFGS (numerically estimating gradients)

Suggestion: task(s) y_at_least_x,y_at_most_10,branin at location
                NAME          TYPE       VALUE
                ----          ----       -----
                X             float      9.554980    
                Y             float      2.025258    
Current time: 2018-11-02 22:41:39
Status: 1 pending, 26 complete.
ID(s) of pending job(s) for y_at_least_x, y_at_most_10, branin: 27


Fitting GP to 27 data for y_at_least_x task...
Fitting GP to 27 data for y_at_most_10 task...
Fitting GP to 27 data for branin task...
Computing current best...
Feasible solution found.

Optimizing current best with scipy SLSQP

Minimum expected objective value satisfying constraints w/ high prob (y_at_least_x:0.99806,y_at_most_10:1.00000): 0.933842

At location:    
                NAME          TYPE       VALUE
                ----          ----       -----
                X             float      2.982851    
                Y             float      3.045608    

Best observed values satisfying constraints is 0.975737, at location:
                NAME          TYPE       VALUE
                ----          ----       -----
                X             float      2.979081    
                Y             float      3.076961    

Getting suggestion for y_at_least_x, y_at_most_10, branin...

Initializing PES
Computing PES on grid for y_at_least_x, y_at_most_10, branin.
Optimizing PES with L-BFGS (numerically estimating gradients)

Suggestion: task(s) y_at_least_x,y_at_most_10,branin at location
                NAME          TYPE       VALUE
                ----          ----       -----
                X             float      8.201516    
                Y             float      0.769776    
Current time: 2018-11-02 22:41:52
Status: 1 pending, 27 complete.
ID(s) of pending job(s) for y_at_least_x, y_at_most_10, branin: 28


Fitting GP to 28 data for y_at_least_x task...
Fitting GP to 28 data for y_at_most_10 task...
Fitting GP to 28 data for branin task...
Computing current best...
Feasible solution found.

Optimizing current best with scipy SLSQP

Minimum expected objective value satisfying constraints w/ high prob (y_at_least_x:0.99784,y_at_most_10:1.00000): 0.932367

At location:    
                NAME          TYPE       VALUE
                ----          ----       -----
                X             float      2.982112    
                Y             float      3.043458    

Best observed values satisfying constraints is 0.975737, at location:
                NAME          TYPE       VALUE
                ----          ----       -----
                X             float      2.979081    
                Y             float      3.076961    

Getting suggestion for y_at_least_x, y_at_most_10, branin...

Initializing PES
Computing PES on grid for y_at_least_x, y_at_most_10, branin.
Optimizing PES with L-BFGS (numerically estimating gradients)

Suggestion: task(s) y_at_least_x,y_at_most_10,branin at location
                NAME          TYPE       VALUE
                ----          ----       -----
                X             float      1.502659    
                Y             float      3.213028    
Current time: 2018-11-02 22:42:04
Status: 1 pending, 28 complete.
ID(s) of pending job(s) for y_at_least_x, y_at_most_10, branin: 29


Fitting GP to 29 data for y_at_least_x task...
Fitting GP to 29 data for y_at_most_10 task...
Fitting GP to 29 data for branin task...
Computing current best...
Feasible solution found.

Optimizing current best with scipy SLSQP

Minimum expected objective value satisfying constraints w/ high prob (y_at_least_x:0.99727,y_at_most_10:1.00000): 0.930352

At location:    
                NAME          TYPE       VALUE
                ----          ----       -----
                X             float      2.983757    
                Y             float      3.043313    

Best observed values satisfying constraints is 0.975737, at location:
                NAME          TYPE       VALUE
                ----          ----       -----
                X             float      2.979081    
                Y             float      3.076961    

Getting suggestion for y_at_least_x, y_at_most_10, branin...

Initializing PES
Computing PES on grid for y_at_least_x, y_at_most_10, branin.
Optimizing PES with L-BFGS (numerically estimating gradients)

Suggestion: task(s) y_at_least_x,y_at_most_10,branin at location
                NAME          TYPE       VALUE
                ----          ----       -----
                X             float      -4.020011   
                Y             float      8.717262    
Current time: 2018-11-02 22:42:16
Status: 1 pending, 29 complete.
ID(s) of pending job(s) for y_at_least_x, y_at_most_10, branin: 30


Fitting GP to 30 data for y_at_least_x task...
Fitting GP to 30 data for y_at_most_10 task...
Fitting GP to 30 data for branin task...
Computing current best...
Feasible solution found.

Optimizing current best with scipy SLSQP

Minimum expected objective value satisfying constraints w/ high prob (y_at_least_x:0.99643,y_at_most_10:1.00000): 0.928953

At location:    
                NAME          TYPE       VALUE
                ----          ----       -----
                X             float      2.984976    
                Y             float      3.042609    

Best observed values satisfying constraints is 0.975737, at location:
                NAME          TYPE       VALUE
                ----          ----       -----
                X             float      2.979081    
                Y             float      3.076961    

Getting suggestion for y_at_least_x, y_at_most_10, branin...

Initializing PES
Computing PES on grid for y_at_least_x, y_at_most_10, branin.
Optimizing PES with L-BFGS (numerically estimating gradients)

Suggestion: task(s) y_at_least_x,y_at_most_10,branin at location
                NAME          TYPE       VALUE
                ----          ----       -----
                X             float      -3.914057   
                Y             float      1.387818    
Current time: 2018-11-02 22:42:33
Status: 1 pending, 30 complete.
ID(s) of pending job(s) for y_at_least_x, y_at_most_10, branin: 31


Fitting GP to 31 data for y_at_least_x task...
Fitting GP to 31 data for y_at_most_10 task...
Fitting GP to 31 data for branin task...
Computing current best...
Feasible solution found.

Optimizing current best with scipy SLSQP

Minimum expected objective value satisfying constraints w/ high prob (y_at_least_x:0.99549,y_at_most_10:1.00000): 0.926999

At location:    
                NAME          TYPE       VALUE
                ----          ----       -----
                X             float      2.985017    
                Y             float      3.040962    

Best observed values satisfying constraints is 0.975737, at location:
                NAME          TYPE       VALUE
                ----          ----       -----
                X             float      2.979081    
                Y             float      3.076961    

Getting suggestion for y_at_least_x, y_at_most_10, branin...

Initializing PES
Computing PES on grid for y_at_least_x, y_at_most_10, branin.
Optimizing PES with L-BFGS (numerically estimating gradients)

Suggestion: task(s) y_at_least_x,y_at_most_10,branin at location
                NAME          TYPE       VALUE
                ----          ----       -----
                X             float      -4.403868   
                Y             float      8.910484    
Current time: 2018-11-02 22:42:46
Status: 1 pending, 31 complete.
ID(s) of pending job(s) for y_at_least_x, y_at_most_10, branin: 32


Fitting GP to 32 data for y_at_least_x task...
Fitting GP to 32 data for y_at_most_10 task...
Fitting GP to 32 data for branin task...
Computing current best...
Feasible solution found.

Optimizing current best with scipy SLSQP

Minimum expected objective value satisfying constraints w/ high prob (y_at_least_x:0.99328,y_at_most_10:1.00000): 0.924641

At location:    
                NAME          TYPE       VALUE
                ----          ----       -----
                X             float      2.986813    
                Y             float      3.039661    

Best observed values satisfying constraints is 0.975737, at location:
                NAME          TYPE       VALUE
                ----          ----       -----
                X             float      2.979081    
                Y             float      3.076961    

Getting suggestion for y_at_least_x, y_at_most_10, branin...

Initializing PES
Computing PES on grid for y_at_least_x, y_at_most_10, branin.
Optimizing PES with L-BFGS (numerically estimating gradients)

Suggestion: task(s) y_at_least_x,y_at_most_10,branin at location
                NAME          TYPE       VALUE
                ----          ----       -----
                X             float      -2.299993   
                Y             float      9.962375    
Current time: 2018-11-02 22:43:00
Status: 1 pending, 32 complete.
ID(s) of pending job(s) for y_at_least_x, y_at_most_10, branin: 33


Fitting GP to 33 data for y_at_least_x task...
Fitting GP to 33 data for y_at_most_10 task...
Fitting GP to 33 data for branin task...
Computing current best...
Feasible solution found.

Optimizing current best with scipy SLSQP

Minimum expected objective value satisfying constraints w/ high prob (y_at_least_x:0.99239,y_at_most_10:1.00000): 0.921945

At location:    
                NAME          TYPE       VALUE
                ----          ----       -----
                X             float      2.984978    
                Y             float      3.036986    

Best observed values satisfying constraints is 0.975737, at location:
                NAME          TYPE       VALUE
                ----          ----       -----
                X             float      2.979081    
                Y             float      3.076961    

Getting suggestion for y_at_least_x, y_at_most_10, branin...

Initializing PES
Computing PES on grid for y_at_least_x, y_at_most_10, branin.
Optimizing PES with L-BFGS (numerically estimating gradients)

Suggestion: task(s) y_at_least_x,y_at_most_10,branin at location
                NAME          TYPE       VALUE
                ----          ----       -----
                X             float      -4.050174   
                Y             float      9.403591    
Current time: 2018-11-02 22:43:14
Status: 1 pending, 33 complete.
ID(s) of pending job(s) for y_at_least_x, y_at_most_10, branin: 34


Fitting GP to 34 data for y_at_least_x task...
Fitting GP to 34 data for y_at_most_10 task...
Fitting GP to 34 data for branin task...
Computing current best...
Feasible solution found.

Optimizing current best with scipy SLSQP

Minimum expected objective value satisfying constraints w/ high prob (y_at_least_x:0.99106,y_at_most_10:1.00000): 0.919535

At location:    
                NAME          TYPE       VALUE
                ----          ----       -----
                X             float      2.984460    
                Y             float      3.035186    

Best observed values satisfying constraints is 0.975737, at location:
                NAME          TYPE       VALUE
                ----          ----       -----
                X             float      2.979081    
                Y             float      3.076961    

Getting suggestion for y_at_least_x, y_at_most_10, branin...

Initializing PES
Computing PES on grid for y_at_least_x, y_at_most_10, branin.
Optimizing PES with L-BFGS (numerically estimating gradients)

Suggestion: task(s) y_at_least_x,y_at_most_10,branin at location
                NAME          TYPE       VALUE
                ----          ----       -----
                X             float      -3.445013   
                Y             float      9.249253    
Current time: 2018-11-02 22:43:28
Status: 1 pending, 34 complete.
ID(s) of pending job(s) for y_at_least_x, y_at_most_10, branin: 35


Fitting GP to 35 data for y_at_least_x task...
Fitting GP to 35 data for y_at_most_10 task...
Fitting GP to 35 data for branin task...
Computing current best...
Feasible solution found.

Optimizing current best with scipy SLSQP

Minimum expected objective value satisfying constraints w/ high prob (y_at_least_x:0.99063,y_at_most_10:1.00000): 0.919139

At location:    
                NAME          TYPE       VALUE
                ----          ----       -----
                X             float      2.984114    
                Y             float      3.034427    

Best observed values satisfying constraints is 0.975737, at location:
                NAME          TYPE       VALUE
                ----          ----       -----
                X             float      2.979081    
                Y             float      3.076961    

Getting suggestion for y_at_least_x, y_at_most_10, branin...

Initializing PES
Computing PES on grid for y_at_least_x, y_at_most_10, branin.
Optimizing PES with L-BFGS (numerically estimating gradients)

Suggestion: task(s) y_at_least_x,y_at_most_10,branin at location
                NAME          TYPE       VALUE
                ----          ----       -----
                X             float      -2.697611   
                Y             float      9.142909    
Current time: 2018-11-02 22:43:42
Status: 1 pending, 35 complete.
ID(s) of pending job(s) for y_at_least_x, y_at_most_10, branin: 36


Fitting GP to 36 data for y_at_least_x task...
Fitting GP to 36 data for y_at_most_10 task...
Fitting GP to 36 data for branin task...
Computing current best...
Feasible solution found.

Optimizing current best with scipy SLSQP

Minimum expected objective value satisfying constraints w/ high prob (y_at_least_x:0.99057,y_at_most_10:1.00000): 0.918875

At location:    
                NAME          TYPE       VALUE
                ----          ----       -----
                X             float      2.984114    
                Y             float      3.034427    

Best observed values satisfying constraints is 0.975737, at location:
                NAME          TYPE       VALUE
                ----          ----       -----
                X             float      2.979081    
                Y             float      3.076961    

Getting suggestion for y_at_least_x, y_at_most_10, branin...

Initializing PES
Computing PES on grid for y_at_least_x, y_at_most_10, branin.
Optimizing PES with L-BFGS (numerically estimating gradients)

Suggestion: task(s) y_at_least_x,y_at_most_10,branin at location
                NAME          TYPE       VALUE
                ----          ----       -----
                X             float      2.919611    
                Y             float      2.985664    
Current time: 2018-11-02 22:43:57
Status: 1 pending, 36 complete.
ID(s) of pending job(s) for y_at_least_x, y_at_most_10, branin: 37


Fitting GP to 37 data for y_at_least_x task...
Fitting GP to 37 data for y_at_most_10 task...
Fitting GP to 37 data for branin task...
Computing current best...
Feasible solution found.

Optimizing current best with scipy SLSQP

Minimum expected objective value satisfying constraints w/ high prob (y_at_least_x:0.99910,y_at_most_10:1.00000): 0.915758

At location:    
                NAME          TYPE       VALUE
                ----          ----       -----
                X             float      2.919611    
                Y             float      2.985664    

Best observed values satisfying constraints is 0.915650, at location:
                NAME          TYPE       VALUE
                ----          ----       -----
                X             float      2.919611    
                Y             float      2.985664    

Getting suggestion for y_at_least_x, y_at_most_10, branin...

Initializing PES
