
Getting suggestion for branin...


Suggestion:     
                NAME          TYPE       VALUE
                ----          ----       -----
                x             float      -5.000000   
                y             float      0.000000    
Current time: 2018-11-02 22:45:40
ID(s) of pending job(s) for branin: 1

Getting suggestion for branin...


Suggestion:     
                NAME          TYPE       VALUE
                ----          ----       -----
                x             float      2.500000    
                y             float      7.500000    
Current time: 2018-11-02 22:45:41
** Failed jobs(s) for branin: 1


Getting suggestion for branin...


Suggestion:     
                NAME          TYPE       VALUE
                ----          ----       -----
                x             float      -5.000000   
                y             float      0.000000    
Current time: 2018-11-02 22:45:59
ID(s) of pending job(s) for branin: 3
** Failed jobs(s) for branin: 1


Getting suggestion for branin...


Suggestion:     
                NAME          TYPE       VALUE
                ----          ----       -----
                x             float      2.500000    
                y             float      7.500000    
Current time: 2018-11-02 22:45:59
Fitting GP to 2 data for branin task...
Computing current best...
Optimizing current best with scipy l_BFGS

Minimum expected objective value under model is 308.12910 (+/- 0.88935), at location:
                NAME          TYPE       VALUE
                ----          ----       -----
                x             float      0.020752    
                y             float      12.410889   

Minimum of observed values is 308.129096, at location:
                NAME          TYPE       VALUE
                ----          ----       -----
                x             float      -5.000000   
                y             float      0.000000    

Getting suggestion for branin...

Initializing PES
Computing PES on grid for branin.
Optimizing PES with L-BFGS (numerically estimating gradients)

Suggestion: task(s) branin at location
                NAME          TYPE       VALUE
                ----          ----       -----
                x             float      6.073516    
                y             float      6.264198    
Current time: 2018-11-02 22:47:14
ID(s) of pending job(s) for branin: 5
Fitting GP to 2 data for branin task...
Computing current best...
Optimizing current best with scipy l_BFGS

Minimum expected objective value under model is 308.12910 (+/- 0.54319), at location:
                NAME          TYPE       VALUE
                ----          ----       -----
                x             float      -0.004883   
                y             float      11.469727   

Minimum of observed values is 308.129096, at location:
                NAME          TYPE       VALUE
                ----          ----       -----
                x             float      -5.000000   
                y             float      0.000000    

Getting suggestion for branin...

Initializing PES
Computing PES on grid for branin.
Optimizing PES with L-BFGS (numerically estimating gradients)

Suggestion: task(s) branin at location
                NAME          TYPE       VALUE
                ----          ----       -----
                x             float      -2.794325   
                y             float      15.000000   
Current time: 2018-11-02 22:47:16
** Failed jobs(s) for branin: 5

Fitting GP to 2 data for branin task...
Computing current best...
Optimizing current best with scipy l_BFGS

Minimum expected objective value under model is 308.12910 (+/- 0.83465), at location:
                NAME          TYPE       VALUE
                ----          ----       -----
                x             float      7.190247    
                y             float      14.312439   

Minimum of observed values is 308.129096, at location:
                NAME          TYPE       VALUE
                ----          ----       -----
                x             float      -5.000000   
                y             float      0.000000    

Getting suggestion for branin...

Initializing PES
Computing PES on grid for branin.
Optimizing PES with L-BFGS (numerically estimating gradients)

Suggestion: task(s) branin at location
                NAME          TYPE       VALUE
                ----          ----       -----
                x             float      -3.109853   
                y             float      10.339437   
Current time: 2018-11-02 22:47:40
ID(s) of pending job(s) for branin: 7


Fitting GP to 4 data for branin task...
Computing current best...
Optimizing current best with scipy l_BFGS

Minimum expected objective value under model is 2.17692 (+/- 21.08451), at location:
                NAME          TYPE       VALUE
                ----          ----       -----
                x             float      -2.794021   
                y             float      10.625657   

Minimum of observed values is 3.860148, at location:
                NAME          TYPE       VALUE
                ----          ----       -----
                x             float      -3.109853   
                y             float      10.339437   

Getting suggestion for branin...

Initializing PES
Computing PES on grid for branin.
Optimizing PES with L-BFGS (numerically estimating gradients)

Suggestion: task(s) branin at location
                NAME          TYPE       VALUE
                ----          ----       -----
                x             float      10.000000   
                y             float      12.231035   
Current time: 2018-11-02 22:47:58
ID(s) of pending job(s) for branin: 8


Fitting GP to 5 data for branin task...
Computing current best...
Optimizing current best with scipy l_BFGS

Minimum expected objective value under model is 2.03011 (+/- 21.95416), at location:
                NAME          TYPE       VALUE
                ----          ----       -----
                x             float      -2.770941   
                y             float      9.934046    

Minimum of observed values is 3.860148, at location:
                NAME          TYPE       VALUE
                ----          ----       -----
                x             float      -3.109853   
                y             float      10.339437   

Getting suggestion for branin...

Initializing PES
Computing PES on grid for branin.
Optimizing PES with L-BFGS (numerically estimating gradients)

Suggestion: task(s) branin at location
                NAME          TYPE       VALUE
                ----          ----       -----
                x             float      -3.260133   
                y             float      14.801402   
Current time: 2018-11-02 22:48:05
ID(s) of pending job(s) for branin: 9


Fitting GP to 6 data for branin task...
Computing current best...
Optimizing current best with scipy l_BFGS

Minimum expected objective value under model is -3.56832 (+/- 42.71069), at location:
                NAME          TYPE       VALUE
                ----          ----       -----
                x             float      -2.301798   
                y             float      11.734240   

Minimum of observed values is 3.860148, at location:
                NAME          TYPE       VALUE
                ----          ----       -----
                x             float      -3.109853   
                y             float      10.339437   

Getting suggestion for branin...

Initializing PES
Computing PES on grid for branin.
Optimizing PES with L-BFGS (numerically estimating gradients)

Suggestion: task(s) branin at location
                NAME          TYPE       VALUE
                ----          ----       -----
                x             float      1.540336    
                y             float      9.505509    
Current time: 2018-11-02 22:48:34
ID(s) of pending job(s) for branin: 10


Fitting GP to 7 data for branin task...
Computing current best...
Optimizing current best with scipy l_BFGS

Minimum expected objective value under model is -4.50053 (+/- 37.53038), at location:
                NAME          TYPE       VALUE
                ----          ----       -----
                x             float      -3.746682   
                y             float      11.996531   

Minimum of observed values is 3.860148, at location:
                NAME          TYPE       VALUE
                ----          ----       -----
                x             float      -3.109853   
                y             float      10.339437   

Getting suggestion for branin...

Initializing PES
Computing PES on grid for branin.
Optimizing PES with L-BFGS (numerically estimating gradients)

Suggestion: task(s) branin at location
                NAME          TYPE       VALUE
                ----          ----       -----
                x             float      6.123328    
                y             float      15.000000   
Current time: 2018-11-02 22:48:47
ID(s) of pending job(s) for branin: 11


Fitting GP to 8 data for branin task...
Computing current best...
Optimizing current best with scipy l_BFGS

Minimum expected objective value under model is -9.74328 (+/- 54.76602), at location:
                NAME          TYPE       VALUE
                ----          ----       -----
                x             float      -3.234951   
                y             float      12.364874   

Minimum of observed values is 3.860148, at location:
                NAME          TYPE       VALUE
                ----          ----       -----
                x             float      -3.109853   
                y             float      10.339437   

Getting suggestion for branin...

Initializing PES
Computing PES on grid for branin.
Optimizing PES with L-BFGS (numerically estimating gradients)

Suggestion: task(s) branin at location
                NAME          TYPE       VALUE
                ----          ----       -----
                x             float      -5.000000   
                y             float      12.515890   
Current time: 2018-11-02 22:49:05
ID(s) of pending job(s) for branin: 12


Fitting GP to 9 data for branin task...
Computing current best...
Optimizing current best with scipy l_BFGS

Minimum expected objective value under model is -2.04236 (+/- 27.84517), at location:
                NAME          TYPE       VALUE
                ----          ----       -----
                x             float      -2.412587   
                y             float      11.040701   

Minimum of observed values is 3.860148, at location:
                NAME          TYPE       VALUE
                ----          ----       -----
                x             float      -3.109853   
                y             float      10.339437   

Getting suggestion for branin...

Initializing PES
Computing PES on grid for branin.
Optimizing PES with L-BFGS (numerically estimating gradients)

Suggestion: task(s) branin at location
                NAME          TYPE       VALUE
                ----          ----       -----
                x             float      -1.093519   
                y             float      13.000313   
Current time: 2018-11-02 22:49:20
ID(s) of pending job(s) for branin: 13


Fitting GP to 10 data for branin task...
Computing current best...
Optimizing current best with scipy l_BFGS

Minimum expected objective value under model is 2.25472 (+/- 6.98908), at location:
                NAME          TYPE       VALUE
                ----          ----       -----
                x             float      -2.726124   
                y             float      10.507970   

Minimum of observed values is 3.860148, at location:
                NAME          TYPE       VALUE
                ----          ----       -----
                x             float      -3.109853   
                y             float      10.339437   

Getting suggestion for branin...

Initializing PES
Computing PES on grid for branin.
Optimizing PES with L-BFGS (numerically estimating gradients)

Suggestion: task(s) branin at location
                NAME          TYPE       VALUE
                ----          ----       -----
                x             float      10.000000   
                y             float      3.158090    
Current time: 2018-11-02 22:49:42
ID(s) of pending job(s) for branin: 14


Fitting GP to 11 data for branin task...
Computing current best...
Optimizing current best with scipy l_BFGS

Minimum expected objective value under model is 1.88146 (+/- 5.08916), at location:
                NAME          TYPE       VALUE
                ----          ----       -----
                x             float      10.000000   
                y             float      3.239223    

Minimum of observed values is 1.967207, at location:
                NAME          TYPE       VALUE
                ----          ----       -----
                x             float      10.000000   
                y             float      3.158090    

Getting suggestion for branin...

Initializing PES
Computing PES on grid for branin.
Optimizing PES with L-BFGS (numerically estimating gradients)

Suggestion: task(s) branin at location
                NAME          TYPE       VALUE
                ----          ----       -----
                x             float      9.076064    
                y             float      0.192729    
Current time: 2018-11-02 22:50:14
ID(s) of pending job(s) for branin: 15


Fitting GP to 12 data for branin task...
Computing current best...
Optimizing current best with scipy l_BFGS

Minimum expected objective value under model is -0.31068 (+/- 12.88316), at location:
                NAME          TYPE       VALUE
                ----          ----       -----
                x             float      10.000000   
                y             float      1.733801    

Minimum of observed values is 1.967207, at location:
                NAME          TYPE       VALUE
                ----          ----       -----
                x             float      10.000000   
                y             float      3.158090    

Getting suggestion for branin...

Initializing PES
Computing PES on grid for branin.
Optimizing PES with L-BFGS (numerically estimating gradients)

Suggestion: task(s) branin at location
                NAME          TYPE       VALUE
                ----          ----       -----
                x             float      4.173897    
                y             float      1.307234    
Current time: 2018-11-02 22:50:31
ID(s) of pending job(s) for branin: 16


Fitting GP to 13 data for branin task...
Computing current best...
Optimizing current best with scipy l_BFGS

Minimum expected objective value under model is -0.43865 (+/- 14.76572), at location:
                NAME          TYPE       VALUE
                ----          ----       -----
                x             float      9.457285    
                y             float      2.067766    

Minimum of observed values is 1.967207, at location:
                NAME          TYPE       VALUE
                ----          ----       -----
                x             float      10.000000   
                y             float      3.158090    

Getting suggestion for branin...

Initializing PES
Computing PES on grid for branin.
Optimizing PES with L-BFGS (numerically estimating gradients)

Suggestion: task(s) branin at location
                NAME          TYPE       VALUE
                ----          ----       -----
                x             float      1.461241    
                y             float      4.637899    
Current time: 2018-11-02 22:50:58
ID(s) of pending job(s) for branin: 17


Fitting GP to 14 data for branin task...
Computing current best...
Optimizing current best with scipy l_BFGS

Minimum expected objective value under model is 0.23855 (+/- 8.78490), at location:
                NAME          TYPE       VALUE
                ----          ----       -----
                x             float      10.000000   
                y             float      2.127132    

Minimum of observed values is 1.967207, at location:
                NAME          TYPE       VALUE
                ----          ----       -----
                x             float      10.000000   
                y             float      3.158090    

Getting suggestion for branin...

Initializing PES
Computing PES on grid for branin.
Optimizing PES with L-BFGS (numerically estimating gradients)

Suggestion: task(s) branin at location
                NAME          TYPE       VALUE
                ----          ----       -----
                x             float      -1.226767   
                y             float      7.795549    
Current time: 2018-11-02 22:51:37
ID(s) of pending job(s) for branin: 18


Fitting GP to 15 data for branin task...
Computing current best...
Optimizing current best with scipy l_BFGS

Minimum expected objective value under model is -0.00890 (+/- 9.97080), at location:
                NAME          TYPE       VALUE
                ----          ----       -----
                x             float      10.000000   
                y             float      1.882200    

Minimum of observed values is 1.967207, at location:
                NAME          TYPE       VALUE
                ----          ----       -----
                x             float      10.000000   
                y             float      3.158090    

Getting suggestion for branin...

Initializing PES
Computing PES on grid for branin.
Optimizing PES with L-BFGS (numerically estimating gradients)

Suggestion: task(s) branin at location
                NAME          TYPE       VALUE
                ----          ----       -----
                x             float      6.069312    
                y             float      0.000000    
Current time: 2018-11-02 22:52:03
ID(s) of pending job(s) for branin: 19


Fitting GP to 16 data for branin task...
Computing current best...
Optimizing current best with scipy l_BFGS

Minimum expected objective value under model is -2.49107 (+/- 10.26916), at location:
                NAME          TYPE       VALUE
                ----          ----       -----
                x             float      10.000000   
                y             float      0.998074    

Minimum of observed values is 1.967207, at location:
                NAME          TYPE       VALUE
                ----          ----       -----
                x             float      10.000000   
                y             float      3.158090    

Getting suggestion for branin...

Initializing PES
Computing PES on grid for branin.
Optimizing PES with L-BFGS (numerically estimating gradients)

Suggestion: task(s) branin at location
                NAME          TYPE       VALUE
                ----          ----       -----
                x             float      9.993090    
                y             float      0.071452    
Current time: 2018-11-02 22:52:24
ID(s) of pending job(s) for branin: 20


Fitting GP to 17 data for branin task...
Computing current best...
Optimizing current best with scipy l_BFGS

Minimum expected objective value under model is -0.92971 (+/- 7.60115), at location:
                NAME          TYPE       VALUE
                ----          ----       -----
                x             float      9.105830    
                y             float      2.040368    

Minimum of observed values is 1.967207, at location:
                NAME          TYPE       VALUE
                ----          ----       -----
                x             float      10.000000   
                y             float      3.158090    

Getting suggestion for branin...

Initializing PES
Computing PES on grid for branin.
Optimizing PES with L-BFGS (numerically estimating gradients)

Suggestion: task(s) branin at location
                NAME          TYPE       VALUE
                ----          ----       -----
                x             float      3.889852    
                y             float      3.735294    
Current time: 2018-11-02 22:52:52
ID(s) of pending job(s) for branin: 21


Fitting GP to 18 data for branin task...
Computing current best...
Optimizing current best with scipy l_BFGS

Minimum expected objective value under model is -0.59075 (+/- 6.68765), at location:
                NAME          TYPE       VALUE
                ----          ----       -----
                x             float      9.144247    
                y             float      2.102541    

Minimum of observed values is 1.967207, at location:
                NAME          TYPE       VALUE
                ----          ----       -----
                x             float      10.000000   
                y             float      3.158090    

Getting suggestion for branin...

Initializing PES
Computing PES on grid for branin.
Optimizing PES with L-BFGS (numerically estimating gradients)

Suggestion: task(s) branin at location
                NAME          TYPE       VALUE
                ----          ----       -----
                x             float      2.841959    
                y             float      0.000000    
Current time: 2018-11-02 22:53:34
ID(s) of pending job(s) for branin: 22


Fitting GP to 19 data for branin task...
Computing current best...
Optimizing current best with scipy l_BFGS

Minimum expected objective value under model is -0.26769 (+/- 7.38140), at location:
                NAME          TYPE       VALUE
                ----          ----       -----
                x             float      9.230339    
                y             float      2.124110    

Minimum of observed values is 1.967207, at location:
                NAME          TYPE       VALUE
                ----          ----       -----
                x             float      10.000000   
                y             float      3.158090    

Getting suggestion for branin...

Initializing PES
Computing PES on grid for branin.
Optimizing PES with L-BFGS (numerically estimating gradients)

Suggestion: task(s) branin at location
                NAME          TYPE       VALUE
                ----          ----       -----
                x             float      8.576955    
                y             float      2.591400    
Current time: 2018-11-02 22:54:12
ID(s) of pending job(s) for branin: 23


Fitting GP to 20 data for branin task...
Computing current best...
Optimizing current best with scipy l_BFGS

Minimum expected objective value under model is 0.44300 (+/- 8.10129), at location:
                NAME          TYPE       VALUE
                ----          ----       -----
                x             float      -2.811569   
                y             float      11.074038   

Minimum of observed values is 1.967207, at location:
                NAME          TYPE       VALUE
                ----          ----       -----
                x             float      10.000000   
                y             float      3.158090    

Getting suggestion for branin...

Initializing PES
Computing PES on grid for branin.
Optimizing PES with L-BFGS (numerically estimating gradients)

Suggestion: task(s) branin at location
                NAME          TYPE       VALUE
                ----          ----       -----
                x             float      -2.936714   
                y             float      12.323658   
Current time: 2018-11-02 22:54:41
ID(s) of pending job(s) for branin: 24


Fitting GP to 21 data for branin task...
Computing current best...
Optimizing current best with scipy l_BFGS

Minimum expected objective value under model is 0.14478 (+/- 0.70914), at location:
                NAME          TYPE       VALUE
                ----          ----       -----
                x             float      -2.988428   
                y             float      11.649341   

Minimum of observed values is 0.885586, at location:
                NAME          TYPE       VALUE
                ----          ----       -----
                x             float      -2.936714   
                y             float      12.323658   

Getting suggestion for branin...

Initializing PES
Computing PES on grid for branin.
Optimizing PES with L-BFGS (numerically estimating gradients)

Suggestion: task(s) branin at location
                NAME          TYPE       VALUE
                ----          ----       -----
                x             float      9.447279    
                y             float      2.065347    
Current time: 2018-11-02 22:55:16
ID(s) of pending job(s) for branin: 25


Fitting GP to 22 data for branin task...
Computing current best...
Optimizing current best with scipy l_BFGS

Minimum expected objective value under model is 0.09946 (+/- 0.70627), at location:
                NAME          TYPE       VALUE
                ----          ----       -----
                x             float      -2.974784   
                y             float      11.602323   

Minimum of observed values is 0.584100, at location:
                NAME          TYPE       VALUE
                ----          ----       -----
                x             float      9.447279    
                y             float      2.065347    

Getting suggestion for branin...

Initializing PES
Computing PES on grid for branin.
Optimizing PES with L-BFGS (numerically estimating gradients)

Suggestion: task(s) branin at location
                NAME          TYPE       VALUE
                ----          ----       -----
                x             float      2.957348    
                y             float      2.273360    
Current time: 2018-11-02 22:55:55
ID(s) of pending job(s) for branin: 26


Fitting GP to 23 data for branin task...
Computing current best...
Optimizing current best with scipy l_BFGS

Minimum expected objective value under model is -0.02656 (+/- 1.21717), at location:
                NAME          TYPE       VALUE
                ----          ----       -----
                x             float      -2.875570   
                y             float      11.376570   

Minimum of observed values is 0.582816, at location:
                NAME          TYPE       VALUE
                ----          ----       -----
                x             float      2.957348    
                y             float      2.273360    

Getting suggestion for branin...

Initializing PES
Computing PES on grid for branin.
Optimizing PES with L-BFGS (numerically estimating gradients)

Suggestion: task(s) branin at location
                NAME          TYPE       VALUE
                ----          ----       -----
                x             float      -2.541686   
                y             float      10.878457   
Current time: 2018-11-02 22:56:20
ID(s) of pending job(s) for branin: 27


Fitting GP to 24 data for branin task...
Computing current best...
Optimizing current best with scipy l_BFGS

Minimum expected objective value under model is 0.11659 (+/- 0.71979), at location:
                NAME          TYPE       VALUE
                ----          ----       -----
                x             float      -3.118437   
                y             float      11.989968   

Minimum of observed values is 0.582816, at location:
                NAME          TYPE       VALUE
                ----          ----       -----
                x             float      2.957348    
                y             float      2.273360    

Getting suggestion for branin...

Initializing PES
Computing PES on grid for branin.
Optimizing PES with L-BFGS (numerically estimating gradients)

Suggestion: task(s) branin at location
                NAME          TYPE       VALUE
                ----          ----       -----
                x             float      -3.546438   
                y             float      13.049680   
Current time: 2018-11-02 22:56:44
ID(s) of pending job(s) for branin: 28


Fitting GP to 25 data for branin task...
Computing current best...
Optimizing current best with scipy l_BFGS

Minimum expected objective value under model is 0.06656 (+/- 0.54598), at location:
                NAME          TYPE       VALUE
                ----          ----       -----
                x             float      -3.136783   
                y             float      12.035917   

Minimum of observed values is 0.582816, at location:
                NAME          TYPE       VALUE
                ----          ----       -----
                x             float      2.957348    
                y             float      2.273360    

Getting suggestion for branin...

Initializing PES
Computing PES on grid for branin.
Optimizing PES with L-BFGS (numerically estimating gradients)

Suggestion: task(s) branin at location
                NAME          TYPE       VALUE
                ----          ----       -----
                x             float      9.427309    
                y             float      3.179332    
Current time: 2018-11-02 22:56:57
ID(s) of pending job(s) for branin: 29


Fitting GP to 26 data for branin task...
Computing current best...
Optimizing current best with scipy l_BFGS

Minimum expected objective value under model is 0.10094 (+/- 0.43014), at location:
                NAME          TYPE       VALUE
                ----          ----       -----
                x             float      -3.138680   
                y             float      12.054945   

Minimum of observed values is 0.582816, at location:
                NAME          TYPE       VALUE
                ----          ----       -----
                x             float      2.957348    
                y             float      2.273360    

Getting suggestion for branin...

Initializing PES
Computing PES on grid for branin.
Optimizing PES with L-BFGS (numerically estimating gradients)

Suggestion: task(s) branin at location
                NAME          TYPE       VALUE
                ----          ----       -----
                x             float      -3.206875   
                y             float      11.836303   
Current time: 2018-11-02 22:57:10
ID(s) of pending job(s) for branin: 30
